  [1m[36mSQL (4.7ms)[0m  [1m SELECT name
 FROM sqlite_master
 WHERE type = 'table' AND NOT name = 'sqlite_sequence'
[0m
  [1m[35mSQL (0.1ms)[0m  select sqlite_version(*)
  [1m[36mSQL (179.6ms)[0m  [1mCREATE TABLE "schema_migrations" ("version" varchar(255) NOT NULL) [0m
  [1m[35mSQL (0.2ms)[0m  PRAGMA index_list("schema_migrations")
  [1m[36mSQL (114.2ms)[0m  [1mCREATE UNIQUE INDEX "unique_schema_migrations" ON "schema_migrations" ("version")[0m
  [1m[35mSQL (0.4ms)[0m   SELECT name
 FROM sqlite_master
 WHERE type = 'table' AND NOT name = 'sqlite_sequence'
  [1m[36mSQL (0.3ms)[0m  [1m SELECT name
 FROM sqlite_master
 WHERE type = 'table' AND NOT name = 'sqlite_sequence'
[0m
  [1m[35mSQL (0.2ms)[0m  SELECT "schema_migrations"."version" FROM "schema_migrations"
Migrating to DeviseCreateUsers (20110331014722)
  [1m[36mSQL (1.3ms)[0m  [1mCREATE TABLE "users" ("id" INTEGER PRIMARY KEY AUTOINCREMENT NOT NULL, "username" varchar(255), "email" varchar(255) DEFAULT '' NOT NULL, "encrypted_password" varchar(128) DEFAULT '' NOT NULL, "reset_password_token" varchar(255), "remember_created_at" datetime, "sign_in_count" integer DEFAULT 0, "current_sign_in_at" datetime, "last_sign_in_at" datetime, "current_sign_in_ip" varchar(255), "last_sign_in_ip" varchar(255), "created_at" datetime, "updated_at" datetime) [0m
  [1m[35mSQL (0.1ms)[0m  PRAGMA index_list("users")
  [1m[36mSQL (0.6ms)[0m  [1mCREATE UNIQUE INDEX "index_users_on_email" ON "users" ("email")[0m
  [1m[35mSQL (0.2ms)[0m  PRAGMA index_list("users")
  [1m[36mSQL (0.2ms)[0m  [1mPRAGMA index_info('index_users_on_email')[0m
  [1m[35mSQL (1.9ms)[0m  CREATE UNIQUE INDEX "index_users_on_reset_password_token" ON "users" ("reset_password_token")
  [1m[36mSQL (1.0ms)[0m  [1mINSERT INTO "schema_migrations" ("version") VALUES ('20110331014722')[0m
  [1m[35mSQL (0.5ms)[0m   SELECT name
 FROM sqlite_master
 WHERE type = 'table' AND NOT name = 'sqlite_sequence'
  [1m[36mSQL (0.3ms)[0m  [1mSELECT "schema_migrations"."version" FROM "schema_migrations"[0m
  [1m[35mSQL (0.5ms)[0m   SELECT name
 FROM sqlite_master
 WHERE type = 'table' AND NOT name = 'sqlite_sequence'
  [1m[36mSQL (0.1ms)[0m  [1mPRAGMA index_list("users")[0m
  [1m[35mSQL (0.2ms)[0m  PRAGMA index_info('index_users_on_reset_password_token')
  [1m[36mSQL (0.1ms)[0m  [1mPRAGMA index_info('index_users_on_email')[0m


Started GET "/home" for 127.0.0.1 at 2011-03-31 09:51:54 +0800

ActionController::RoutingError (No route matches "/home"):
  

Rendered /home/exist/.rvm/gems/ruby-1.9.2-p180/gems/actionpack-3.0.5/lib/action_dispatch/middleware/templates/rescues/routing_error.erb within rescues/layout (1.8ms)


Started GET "/" for 127.0.0.1 at 2011-03-31 09:53:28 +0800
  Processing by HomeController#index as HTML
Completed   in 1ms


Started GET "/users/sign_in" for 127.0.0.1 at 2011-03-31 09:53:28 +0800
  Processing by Devise::SessionsController#new as HTML
Rendered devise/shared/_links.erb (2.4ms)
Rendered devise/sessions/new.html.erb within layouts/application (10.4ms)
Completed 200 OK in 53ms (Views: 16.6ms | ActiveRecord: 0.0ms)


Started GET "/javascripts/jquery.js" for 127.0.0.1 at 2011-03-31 09:53:28 +0800

ActionController::RoutingError (No route matches "/javascripts/jquery.js"):
  

Rendered /home/exist/.rvm/gems/ruby-1.9.2-p180/gems/actionpack-3.0.5/lib/action_dispatch/middleware/templates/rescues/routing_error.erb within rescues/layout (1.3ms)


Started POST "/users/sign_in" for 127.0.0.1 at 2011-03-31 09:53:36 +0800
  Processing by Devise::SessionsController#create as HTML
  Parameters: {"utf8"=>"✓", "authenticity_token"=>"GaRHjrMuMj0U7S+iEujinC7EEJnJrIWy07hIv2qSUmQ=", "user"=>{"email"=>"sa", "password"=>"[FILTERED]", "remember_me"=>"0"}, "commit"=>"Sign in"}
Completed   in 17ms
  Processing by Devise::SessionsController#new as HTML
  Parameters: {"utf8"=>"✓", "authenticity_token"=>"GaRHjrMuMj0U7S+iEujinC7EEJnJrIWy07hIv2qSUmQ=", "user"=>{"email"=>"sa", "password"=>"[FILTERED]", "remember_me"=>"0"}, "commit"=>"Sign in"}
Rendered devise/shared/_links.erb (2.4ms)
Rendered devise/sessions/new.html.erb within layouts/application (10.2ms)
Completed 200 OK in 91ms (Views: 16.3ms | ActiveRecord: 0.0ms)


Started GET "/javascripts/jquery.js" for 127.0.0.1 at 2011-03-31 09:53:36 +0800

ActionController::RoutingError (No route matches "/javascripts/jquery.js"):
  

Rendered /home/exist/.rvm/gems/ruby-1.9.2-p180/gems/actionpack-3.0.5/lib/action_dispatch/middleware/templates/rescues/routing_error.erb within rescues/layout (2.7ms)


Started GET "/users/sign_up" for 127.0.0.1 at 2011-03-31 09:53:38 +0800
  Processing by Devise::RegistrationsController#new as HTML
Rendered devise/shared/_links.erb (2.5ms)
Rendered devise/registrations/new.html.erb within layouts/application (23.1ms)
Completed 200 OK in 59ms (Views: 29.3ms | ActiveRecord: 0.0ms)


Started GET "/javascripts/jquery.js" for 127.0.0.1 at 2011-03-31 09:53:38 +0800

ActionController::RoutingError (No route matches "/javascripts/jquery.js"):
  

Rendered /home/exist/.rvm/gems/ruby-1.9.2-p180/gems/actionpack-3.0.5/lib/action_dispatch/middleware/templates/rescues/routing_error.erb within rescues/layout (1.3ms)


Started POST "/users" for 127.0.0.1 at 2011-03-31 09:53:56 +0800
  Processing by Devise::RegistrationsController#create as HTML
  Parameters: {"utf8"=>"✓", "authenticity_token"=>"GaRHjrMuMj0U7S+iEujinC7EEJnJrIWy07hIv2qSUmQ=", "user"=>{"email"=>"sarrahgasendo@gmail.com", "password"=>"[FILTERED]", "password_confirmation"=>"[FILTERED]"}, "commit"=>"Sign up"}
  [1m[36mSQL (0.3ms)[0m  [1m SELECT name
 FROM sqlite_master
 WHERE type = 'table' AND NOT name = 'sqlite_sequence'
[0m
  [1m[35mUser Load (0.2ms)[0m  SELECT "users"."id" FROM "users" WHERE ("users"."email" = 'sarrahgasendo@gmail.com') LIMIT 1
  [1m[36mAREL (1.1ms)[0m  [1mINSERT INTO "users" ("username", "email", "encrypted_password", "reset_password_token", "remember_created_at", "sign_in_count", "current_sign_in_at", "last_sign_in_at", "current_sign_in_ip", "last_sign_in_ip", "created_at", "updated_at") VALUES (NULL, 'sarrahgasendo@gmail.com', '$2a$10$hyfyApI1Oqd10WW3OCnPq.a81HcBgNsWwa.rFGkTefrumfKBUqbbO', NULL, NULL, 0, NULL, NULL, NULL, NULL, '2011-03-31 01:53:56.574399', '2011-03-31 01:53:56.574399')[0m
  [1m[35mAREL (0.6ms)[0m  UPDATE "users" SET "last_sign_in_at" = '2011-03-31 01:53:56.731167', "current_sign_in_at" = '2011-03-31 01:53:56.731167', "last_sign_in_ip" = '127.0.0.1', "current_sign_in_ip" = '127.0.0.1', "sign_in_count" = 1, "updated_at" = '2011-03-31 01:53:56.731994' WHERE "users"."id" = 1
Redirected to http://localhost:3000/
Completed 302 Found in 596ms


Started GET "/" for 127.0.0.1 at 2011-03-31 09:53:56 +0800
  Processing by HomeController#index as HTML
  [1m[36mUser Load (52.5ms)[0m  [1mSELECT "users".* FROM "users" WHERE "users"."id" = 1 LIMIT 1[0m
Rendered home/index.html.erb within layouts/application (1.9ms)
Completed 200 OK in 168ms (Views: 8.3ms | ActiveRecord: 52.5ms)


Started GET "/javascripts/jquery.js" for 127.0.0.1 at 2011-03-31 09:53:57 +0800

ActionController::RoutingError (No route matches "/javascripts/jquery.js"):
  

Rendered /home/exist/.rvm/gems/ruby-1.9.2-p180/gems/actionpack-3.0.5/lib/action_dispatch/middleware/templates/rescues/routing_error.erb within rescues/layout (11.7ms)


Started GET "/" for 127.0.0.1 at 2011-03-31 09:57:23 +0800
  Processing by HomeController#index as HTML
  [1m[36mSQL (0.7ms)[0m  [1m SELECT name
 FROM sqlite_master
 WHERE type = 'table' AND NOT name = 'sqlite_sequence'
[0m
  [1m[35mUser Load (1.0ms)[0m  SELECT "users".* FROM "users" WHERE "users"."id" = 1 LIMIT 1
Rendered home/index.html.erb within layouts/application (274.1ms)
Completed   in 381ms

ActionView::Template::Error (undefined local variable or method `destroy_user_session' for #<#<Class:0xb61ca28>:0xb61bd08>):
    11: <p><%= notice %></p>
    12: <p><%= alert %></p>
    13: 
    14: <%= link_to 'logout', destroy_user_session %>
    15: 
    16: <%= yield %>
    17: 
  app/views/layouts/application.html.erb:14:in `_app_views_layouts_application_html_erb___256466462_95475070_338267665'

Rendered /home/exist/.rvm/gems/ruby-1.9.2-p180/gems/actionpack-3.0.5/lib/action_dispatch/middleware/templates/rescues/_trace.erb (2.3ms)
Rendered /home/exist/.rvm/gems/ruby-1.9.2-p180/gems/actionpack-3.0.5/lib/action_dispatch/middleware/templates/rescues/_request_and_response.erb (104.5ms)
Rendered /home/exist/.rvm/gems/ruby-1.9.2-p180/gems/actionpack-3.0.5/lib/action_dispatch/middleware/templates/rescues/template_error.erb within rescues/layout (114.5ms)


Started GET "/" for 127.0.0.1 at 2011-03-31 09:57:35 +0800
  Processing by HomeController#index as HTML
  [1m[36mUser Load (1.0ms)[0m  [1mSELECT "users".* FROM "users" WHERE "users"."id" = 1 LIMIT 1[0m
Rendered home/index.html.erb within layouts/application (209.3ms)
Completed   in 301ms

ActionView::Template::Error (undefined method `destroy_user_session' for #<#<Class:0xb62284c>:0xb621ab4>):
    11: <p><%= notice %></p>
    12: <p><%= alert %></p>
    13: 
    14: <%= link_to 'logout', destroy_user_session() %>
    15: 
    16: <%= yield %>
    17: 
  app/views/layouts/application.html.erb:14:in `_app_views_layouts_application_html_erb___256466462_95486870_338267665'

Rendered /home/exist/.rvm/gems/ruby-1.9.2-p180/gems/actionpack-3.0.5/lib/action_dispatch/middleware/templates/rescues/_trace.erb (2.1ms)
Rendered /home/exist/.rvm/gems/ruby-1.9.2-p180/gems/actionpack-3.0.5/lib/action_dispatch/middleware/templates/rescues/_request_and_response.erb (108.0ms)
Rendered /home/exist/.rvm/gems/ruby-1.9.2-p180/gems/actionpack-3.0.5/lib/action_dispatch/middleware/templates/rescues/template_error.erb within rescues/layout (120.7ms)


Started GET "/" for 127.0.0.1 at 2011-03-31 09:57:48 +0800
  Processing by HomeController#index as HTML
  [1m[35mUser Load (0.9ms)[0m  SELECT "users".* FROM "users" WHERE "users"."id" = 1 LIMIT 1
Rendered home/index.html.erb within layouts/application (4.1ms)
Completed 200 OK in 159ms (Views: 13.8ms | ActiveRecord: 0.9ms)


Started GET "/javascripts/jquery.js" for 127.0.0.1 at 2011-03-31 09:57:48 +0800

ActionController::RoutingError (No route matches "/javascripts/jquery.js"):
  

Rendered /home/exist/.rvm/gems/ruby-1.9.2-p180/gems/actionpack-3.0.5/lib/action_dispatch/middleware/templates/rescues/routing_error.erb within rescues/layout (12.4ms)


Started GET "/" for 127.0.0.1 at 2011-03-31 09:58:19 +0800
  Processing by HomeController#index as HTML
  [1m[36mUser Load (1.8ms)[0m  [1mSELECT "users".* FROM "users" WHERE "users"."id" = 1 LIMIT 1[0m
Rendered home/index.html.erb within layouts/application (2.2ms)
Completed 200 OK in 97ms (Views: 10.9ms | ActiveRecord: 1.8ms)


Started GET "/javascripts/jquery.js" for 127.0.0.1 at 2011-03-31 09:58:19 +0800

ActionController::RoutingError (No route matches "/javascripts/jquery.js"):
  

Rendered /home/exist/.rvm/gems/ruby-1.9.2-p180/gems/actionpack-3.0.5/lib/action_dispatch/middleware/templates/rescues/routing_error.erb within rescues/layout (12.0ms)


Started GET "/users/sign_out" for 127.0.0.1 at 2011-03-31 09:58:21 +0800
  Processing by Devise::SessionsController#destroy as HTML
  [1m[35mUser Load (1.0ms)[0m  SELECT "users".* FROM "users" WHERE "users"."id" = 1 LIMIT 1
Redirected to http://localhost:3000/
Completed 302 Found in 242ms


Started GET "/" for 127.0.0.1 at 2011-03-31 09:58:21 +0800
  Processing by HomeController#index as HTML
Completed   in 15ms


Started GET "/users/sign_in" for 127.0.0.1 at 2011-03-31 09:58:21 +0800
  Processing by Devise::SessionsController#new as HTML
Rendered devise/shared/_links.erb (2.3ms)
Rendered devise/sessions/new.html.erb within layouts/application (10.5ms)
Completed 200 OK in 52ms (Views: 17.2ms | ActiveRecord: 0.0ms)


Started GET "/javascripts/jquery.js" for 127.0.0.1 at 2011-03-31 09:58:22 +0800

ActionController::RoutingError (No route matches "/javascripts/jquery.js"):
  

Rendered /home/exist/.rvm/gems/ruby-1.9.2-p180/gems/actionpack-3.0.5/lib/action_dispatch/middleware/templates/rescues/routing_error.erb within rescues/layout (1.3ms)


Started GET "/users/sign_in" for 127.0.0.1 at 2011-03-31 09:59:11 +0800
  Processing by Devise::SessionsController#new as HTML
Rendered devise/shared/_links.erb (5.1ms)
Rendered devise/sessions/new.html.erb within layouts/application (13.6ms)
Completed 200 OK in 117ms (Views: 21.4ms | ActiveRecord: 0.0ms)


Started GET "/javascripts/jquery.js" for 127.0.0.1 at 2011-03-31 09:59:11 +0800

ActionController::RoutingError (No route matches "/javascripts/jquery.js"):
  

Rendered /home/exist/.rvm/gems/ruby-1.9.2-p180/gems/actionpack-3.0.5/lib/action_dispatch/middleware/templates/rescues/routing_error.erb within rescues/layout (1.4ms)


Started GET "/" for 127.0.0.1 at 2011-03-31 09:59:18 +0800
  Processing by HomeController#index as HTML
Completed   in 16ms


Started GET "/users/sign_in" for 127.0.0.1 at 2011-03-31 09:59:18 +0800
  Processing by Devise::SessionsController#new as HTML
Rendered devise/shared/_links.erb (2.3ms)
Rendered devise/sessions/new.html.erb within layouts/application (13.4ms)
Completed 200 OK in 59ms (Views: 20.7ms | ActiveRecord: 0.0ms)


Started GET "/javascripts/jquery.js" for 127.0.0.1 at 2011-03-31 09:59:18 +0800

ActionController::RoutingError (No route matches "/javascripts/jquery.js"):
  

Rendered /home/exist/.rvm/gems/ruby-1.9.2-p180/gems/actionpack-3.0.5/lib/action_dispatch/middleware/templates/rescues/routing_error.erb within rescues/layout (1.3ms)


Started POST "/users/sign_in" for 127.0.0.1 at 2011-03-31 09:59:27 +0800
  Processing by Devise::SessionsController#create as HTML
  Parameters: {"utf8"=>"✓", "authenticity_token"=>"Blf2CgEh/V1t1ltfD++hIvvCZU3AGtCyZExjzJmXeQo=", "user"=>{"email"=>"sarrahgasendo@gmail.com", "password"=>"[FILTERED]", "remember_me"=>"0"}, "commit"=>"Sign in"}
  [1m[36mUser Load (0.9ms)[0m  [1mSELECT "users".* FROM "users" WHERE "users"."email" = 'sarrahgasendo@gmail.com' LIMIT 1[0m
  [1m[35mAREL (1.2ms)[0m  UPDATE "users" SET "current_sign_in_at" = '2011-03-31 01:59:27.544853', "sign_in_count" = 2, "updated_at" = '2011-03-31 01:59:27.545543' WHERE "users"."id" = 1
Redirected to http://localhost:3000/
Completed 302 Found in 409ms


Started GET "/" for 127.0.0.1 at 2011-03-31 09:59:27 +0800
  Processing by HomeController#index as HTML
  [1m[36mUser Load (0.9ms)[0m  [1mSELECT "users".* FROM "users" WHERE "users"."id" = 1 LIMIT 1[0m
Rendered home/index.html.erb within layouts/application (8.2ms)
Completed 200 OK in 151ms (Views: 14.5ms | ActiveRecord: 0.9ms)


Started GET "/javascripts/jquery.js" for 127.0.0.1 at 2011-03-31 09:59:28 +0800

ActionController::RoutingError (No route matches "/javascripts/jquery.js"):
  

Rendered /home/exist/.rvm/gems/ruby-1.9.2-p180/gems/actionpack-3.0.5/lib/action_dispatch/middleware/templates/rescues/routing_error.erb within rescues/layout (3.2ms)


Started GET "/" for 127.0.0.1 at 2011-03-31 10:00:28 +0800
  Processing by HomeController#index as HTML
  [1m[35mUser Load (0.8ms)[0m  SELECT "users".* FROM "users" WHERE "users"."id" = 1 LIMIT 1
Rendered home/index.html.erb within layouts/application (3.7ms)
Completed 200 OK in 55ms (Views: 12.5ms | ActiveRecord: 0.8ms)


Started GET "/javascripts/jquery.js" for 127.0.0.1 at 2011-03-31 10:00:28 +0800

ActionController::RoutingError (No route matches "/javascripts/jquery.js"):
  

Rendered /home/exist/.rvm/gems/ruby-1.9.2-p180/gems/actionpack-3.0.5/lib/action_dispatch/middleware/templates/rescues/routing_error.erb within rescues/layout (13.2ms)


Started GET "/" for 127.0.0.1 at 2011-03-31 10:00:39 +0800
  Processing by HomeController#index as HTML
  [1m[36mUser Load (1.5ms)[0m  [1mSELECT "users".* FROM "users" WHERE "users"."id" = 1 LIMIT 1[0m
Rendered home/index.html.erb within layouts/application (2.6ms)
Completed 200 OK in 130ms (Views: 8.8ms | ActiveRecord: 1.5ms)


Started GET "/javascripts/jquery.js" for 127.0.0.1 at 2011-03-31 10:00:39 +0800

ActionController::RoutingError (No route matches "/javascripts/jquery.js"):
  

Rendered /home/exist/.rvm/gems/ruby-1.9.2-p180/gems/actionpack-3.0.5/lib/action_dispatch/middleware/templates/rescues/routing_error.erb within rescues/layout (14.0ms)


Started GET "/" for 127.0.0.1 at 2011-03-31 10:00:57 +0800
  Processing by HomeController#index as HTML
  [1m[35mUser Load (0.8ms)[0m  SELECT "users".* FROM "users" WHERE "users"."id" = 1 LIMIT 1
Rendered home/index.html.erb within layouts/application (2.5ms)
Completed 200 OK in 72ms (Views: 8.5ms | ActiveRecord: 0.8ms)


Started GET "/javascripts/jquery.js" for 127.0.0.1 at 2011-03-31 10:00:58 +0800

ActionController::RoutingError (No route matches "/javascripts/jquery.js"):
  

Rendered /home/exist/.rvm/gems/ruby-1.9.2-p180/gems/actionpack-3.0.5/lib/action_dispatch/middleware/templates/rescues/routing_error.erb within rescues/layout (1.3ms)
  [1m[36mSQL (16.3ms)[0m  [1m SELECT name
 FROM sqlite_master
 WHERE type = 'table' AND NOT name = 'sqlite_sequence'
[0m
  [1m[35mSQL (0.2ms)[0m   SELECT name
 FROM sqlite_master
 WHERE type = 'table' AND NOT name = 'sqlite_sequence'
  [1m[36mSQL (0.1ms)[0m  [1mSELECT "schema_migrations"."version" FROM "schema_migrations"[0m
Migrating to DeviseCreateUsers (20110331014722)
Migrating to CreateTasks (20110331022411)
  [1m[35mSQL (4.2ms)[0m  select sqlite_version(*)
  [1m[36mSQL (0.7ms)[0m  [1mCREATE TABLE "tasks" ("id" INTEGER PRIMARY KEY AUTOINCREMENT NOT NULL, "name" varchar(255), "user_id" integer, "category_id" integer, "priority" integer, "status" integer, "start_date" datetime, "end_date" datetime, "remarks" text, "created_at" datetime, "updated_at" datetime) [0m
  [1m[35mSQL (16.5ms)[0m  INSERT INTO "schema_migrations" ("version") VALUES ('20110331022411')
Migrating to CreateCategories (20110331022506)
  [1m[36mSQL (0.8ms)[0m  [1mCREATE TABLE "categories" ("id" INTEGER PRIMARY KEY AUTOINCREMENT NOT NULL, "name" varchar(255), "description" text, "user_id" integer, "created_at" datetime, "updated_at" datetime) [0m
  [1m[35mSQL (0.3ms)[0m  INSERT INTO "schema_migrations" ("version") VALUES ('20110331022506')
  [1m[36mSQL (0.8ms)[0m  [1m SELECT name
 FROM sqlite_master
 WHERE type = 'table' AND NOT name = 'sqlite_sequence'
[0m
  [1m[35mSQL (0.3ms)[0m  SELECT "schema_migrations"."version" FROM "schema_migrations"
  [1m[36mSQL (0.4ms)[0m  [1m SELECT name
 FROM sqlite_master
 WHERE type = 'table' AND NOT name = 'sqlite_sequence'
[0m
  [1m[35mSQL (0.1ms)[0m  PRAGMA index_list("categories")
  [1m[36mSQL (0.1ms)[0m  [1mPRAGMA index_list("tasks")[0m
  [1m[35mSQL (0.2ms)[0m  PRAGMA index_list("users")
  [1m[36mSQL (0.1ms)[0m  [1mPRAGMA index_info('index_users_on_reset_password_token')[0m
  [1m[35mSQL (0.2ms)[0m  PRAGMA index_info('index_users_on_email')
